<?xml version="1.0" encoding="UTF-8"?>
<!-- Generated by org.testng.reporters.JUnitReportReporter -->
<testsuite skipped="0" hostname="TNINCHD009" name="bpo.testcases.LoginpageTest" tests="3" failures="0" timestamp="14 Oct 2019 08:42:20 GMT" time="45.727" errors="0">
  <testcase name="loginpagetitletest" time="12.372" classname="bpo.testcases.LoginpageTest"/>
  <testcase name="logoImagetest" time="19.749" classname="bpo.testcases.LoginpageTest"/>
  <testcase name="logintest" time="13.606" classname="bpo.testcases.LoginpageTest"/>
</testsuite> <!-- bpo.testcases.LoginpageTest -->
