<?xml version="1.0" encoding="UTF-8"?>
<!-- Generated by org.testng.reporters.JUnitReportReporter -->
<testsuite skipped="0" hostname="TNINCHD009" name="bpo.testcases.LoginpageTest" tests="3" failures="0" timestamp="22 Oct 2019 08:50:53 GMT" time="67.680" errors="0">
  <testcase name="loginpagetitletest" time="14.130" classname="bpo.testcases.LoginpageTest"/>
  <testcase name="logoImagetest" time="15.634" classname="bpo.testcases.LoginpageTest"/>
  <testcase name="logintest" time="37.916" classname="bpo.testcases.LoginpageTest"/>
</testsuite> <!-- bpo.testcases.LoginpageTest -->
