<?xml version="1.0" encoding="UTF-8"?>
<!-- Generated by org.testng.reporters.JUnitReportReporter -->
<testsuite skipped="0" hostname="TNINCHD009" name="bpo.testcases.LoginpageTest" tests="3" failures="0" timestamp="15 Oct 2019 13:33:52 GMT" time="64.537" errors="0">
  <testcase name="loginpagetitletest" time="15.613" classname="bpo.testcases.LoginpageTest"/>
  <testcase name="logoImagetest" time="14.007" classname="bpo.testcases.LoginpageTest"/>
  <testcase name="logintest" time="34.917" classname="bpo.testcases.LoginpageTest"/>
</testsuite> <!-- bpo.testcases.LoginpageTest -->
